<?xml version="1.0" encoding="UTF-8"?>
<!-- Generated by org.testng.reporters.JUnitReportReporter -->
<testsuite hostname="LAPTOP-VCKB869T" failures="0" tests="1" name="Module1_Login_Test.SwaglabLoginTest" time="14.406" errors="0" timestamp="2023-11-23T23:25:48 IST" skipped="0">
  <testcase classname="Module1_Login_Test.SwaglabLoginTest" name="VerifyTitle" time="14.406"/>
</testsuite> <!-- Module1_Login_Test.SwaglabLoginTest -->
